# Logfile created on 2020-11-16 20:57:10 -0700 by logger.rb/56815
I, [2020-11-16T20:57:10.750729 #3583]  INFO -- : Starting Example: returns all expenses for the provided date
I, [2020-11-16T20:57:10.750901 #3583]  INFO -- : (0.000046s) BEGIN
I, [2020-11-16T20:57:10.751280 #3583]  INFO -- : (0.000130s) INSERT INTO `expenses` (`payee`, `amount`, `date`) VALUES ('Starbucks', 5.75, '2017-06-10')
I, [2020-11-16T20:57:10.751474 #3583]  INFO -- : (0.000055s) SELECT max(`id`) AS 'max' FROM `expenses` LIMIT 1
I, [2020-11-16T20:57:10.751570 #3583]  INFO -- : (0.000025s) INSERT INTO `expenses` (`payee`, `amount`, `date`) VALUES ('Starbucks', 5.75, '2017-06-10')
I, [2020-11-16T20:57:10.751686 #3583]  INFO -- : (0.000040s) SELECT max(`id`) AS 'max' FROM `expenses` LIMIT 1
I, [2020-11-16T20:57:10.751792 #3583]  INFO -- : (0.000034s) INSERT INTO `expenses` (`payee`, `amount`, `date`) VALUES ('Starbucks', 5.75, '2017-06-11')
I, [2020-11-16T20:57:10.751908 #3583]  INFO -- : (0.000036s) SELECT max(`id`) AS 'max' FROM `expenses` LIMIT 1
I, [2020-11-16T20:57:10.752195 #3583]  INFO -- : (0.000198s) SELECT * FROM `expenses` WHERE (`date` = '2017-06-10')
I, [2020-11-16T20:57:10.753876 #3583]  INFO -- : (0.000094s) ROLLBACK
I, [2020-11-16T20:57:10.753923 #3583]  INFO -- : Ending Example: returns all expenses for the provided date

I, [2020-11-16T20:57:10.754244 #3583]  INFO -- : Starting Example: return a blank array when there are not matching expenses
I, [2020-11-16T20:57:10.754304 #3583]  INFO -- : (0.000014s) BEGIN
I, [2020-11-16T20:57:10.754464 #3583]  INFO -- : (0.000061s) SELECT * FROM `expenses` WHERE (`date` = '2017-06-10')
I, [2020-11-16T20:57:10.754732 #3583]  INFO -- : (0.000017s) ROLLBACK
I, [2020-11-16T20:57:10.754791 #3583]  INFO -- : Ending Example: return a blank array when there are not matching expenses

I, [2020-11-16T20:57:10.755194 #3583]  INFO -- : Starting Example: successfully saves the expense in the DB
I, [2020-11-16T20:57:10.755272 #3583]  INFO -- : (0.000013s) BEGIN
I, [2020-11-16T20:57:10.755454 #3583]  INFO -- : (0.000076s) INSERT INTO `expenses` (`payee`, `amount`, `date`) VALUES ('Starbucks', 5.75, '2017-06-10')
I, [2020-11-16T20:57:10.755587 #3583]  INFO -- : (0.000038s) SELECT max(`id`) AS 'max' FROM `expenses` LIMIT 1
I, [2020-11-16T20:57:10.756328 #3583]  INFO -- : (0.000064s) SELECT * FROM `expenses`
I, [2020-11-16T20:57:10.756855 #3583]  INFO -- : (0.000057s) ROLLBACK
I, [2020-11-16T20:57:10.756893 #3583]  INFO -- : Ending Example: successfully saves the expense in the DB

I, [2020-11-16T20:57:10.757066 #3583]  INFO -- : Starting Example: rejects the expense as invalid
I, [2020-11-16T20:57:10.757127 #3583]  INFO -- : (0.000013s) BEGIN
I, [2020-11-16T20:57:10.757331 #3583]  INFO -- : (0.000047s) SELECT count(*) AS 'count' FROM `expenses` LIMIT 1
I, [2020-11-16T20:57:10.757401 #3583]  INFO -- : (0.000015s) ROLLBACK
I, [2020-11-16T20:57:10.757429 #3583]  INFO -- : Ending Example: rejects the expense as invalid

